<?xml version="1.0" encoding="UTF-8"?>
<testsuites name="jest tests" tests="1" failures="0" errors="0" time="0.206">
  <testsuite name="src/App.test.js" errors="0" failures="0" skipped="0" timestamp="2025-07-25T10:18:44" time="0.194" tests="1">
    <testcase classname="-renders learn Jenkins link" name="-renders learn Jenkins link" time="0.002">
    </testcase>
  </testsuite>
</testsuites>